<?xml version="1.0" encoding="UTF-8" ?>
<!-- This is a WordPress eXtended RSS file generated by Planet4 as an export of campaign/s. -->
<!-- It contains information about campaign/s content. -->
<!-- You may use this file to transfer that content from one Planet4 site to another. -->
<!-- This file is not intended to serve as a complete backup of your site. -->

<!-- To import this information into a WordPress site follow these steps: -->
<!-- 1. Log in to that site as an administrator. -->
<!-- 2. Go to Tools: Import in the WordPress admin panel. -->
<!-- 3. Install the "WordPress" importer from the list. -->
<!-- 4. Activate & Run Importer. -->
<!-- 5. Upload this file using the form provided on that page. -->
<!-- 6. You will first be asked to map the authors in this export file to users -->
<!--    on the site. For each author, you may choose to map to an -->
<!--    existing user on the site or to create a new user. -->
<!-- 7. WordPress will then import each of the campaign/s, etc. -->
<!--    contained in this file into your site. -->

<!-- generator="WordPress/5.4.2" created="2020-07-16 06:02" -->
<rss version="2.0"
	xmlns:excerpt="http://wordpress.org/export/1.2/excerpt/"
	xmlns:content="http://purl.org/rss/1.0/modules/content/"
	xmlns:wp="http://wordpress.org/export/1.0/"
>
	<channel>
		<title>GPI TEST</title>
		<link>https://release.k8s.p4.greenpeace.org/international</link>
		<description>Greenpeace exists because this fragile earth deserves a voice. It needs solutions. It needs change. It needs action.</description>
		<pubDate>Thu, 16 Jul 2020 06:02:14 +0000</pubDate>
		<language>en-US</language>
		<wp:wxr_version>1.0</wp:wxr_version>
		<wp:base_site_url>https://release.k8s.p4.greenpeace.org/international</wp:base_site_url>
		<wp:base_blog_url>https://release.k8s.p4.greenpeace.org/international</wp:base_blog_url>

		<wp:author><wp:author_id>8</wp:author_id><wp:author_login>Kelli</wp:author_login><wp:author_email>ktolen@greenpeace.org</wp:author_email><wp:author_display_name><![CDATA[Kelli]]></wp:author_display_name><wp:author_first_name><![CDATA[Kelli]]></wp:author_first_name><wp:author_last_name><![CDATA[Tolen - Webmaster]]></wp:author_last_name></wp:author>
	<wp:author><wp:author_id>101</wp:author_id><wp:author_login>Sagar Deshmukh</wp:author_login><wp:author_email>sdeshmuk@greenpeace.org</wp:author_email><wp:author_display_name><![CDATA[Sagar Deshmukh - P4 Team]]></wp:author_display_name><wp:author_first_name><![CDATA[Sagar]]></wp:author_first_name><wp:author_last_name><![CDATA[Deshmukh - P4 team]]></wp:author_last_name></wp:author>

		<generator>https://wordpress.org/?v=5.4.2</generator>

				<item>
			<title>Plastic Free Bike Ride in Manila</title>
			<link>https://release.k8s.p4.greenpeace.org/international/plastic-free-bike-ride-in-manila/</link>
			<pubDate>Thu, 25 Jun 2020 08:58:45 +0000</pubDate>
			<dc:creator><![CDATA[Kelli]]></dc:creator>
			<guid isPermaLink="false">https://release.k8s.p4.greenpeace.org/international/plastic-free-bike-ride-in-manila/</guid>
			<description></description>
			<content:encoded><![CDATA[Hundreds of cyclists in Manila took their bikes out to the streets to show the world that Filipinos want to break free from plastic during the World Bicycle day June 3 and the World Environment Day June 5, 2018.]]></content:encoded>
			<excerpt:encoded><![CDATA[Hundreds of cyclists in Manila took their bikes out to the streets to show the world that Filipinos want to break free from plastic during the World Bicycle day June 3 and the World Environment Day June 5, 2018.]]></excerpt:encoded>
			<wp:post_id>43704</wp:post_id>
			<wp:post_date>2020-06-25 10:58:45</wp:post_date>
			<wp:post_date_gmt>2020-06-25 08:58:45</wp:post_date_gmt>
			<wp:comment_status>open</wp:comment_status>
			<wp:ping_status>closed</wp:ping_status>
			<wp:post_name>plastic-free-bike-ride-in-manila</wp:post_name>
			<wp:status>inherit</wp:status>
			<wp:post_parent>0</wp:post_parent>
			<wp:menu_order>0</wp:menu_order>
			<wp:post_type>attachment</wp:post_type>
			<wp:post_password></wp:post_password>
			<wp:is_sticky>0</wp:is_sticky>
								<wp:attachment_url>https://storage.googleapis.com/planet4-international-stateless-release/2020/06/7c39c61d-gp0sts1ru.jpg</wp:attachment_url>
			
									<wp:postmeta>
					<wp:meta_key>_wp_attached_file</wp:meta_key>
					<wp:meta_value><![CDATA[2020/06/7c39c61d-gp0sts1ru.jpg]]></wp:meta_value>
				</wp:postmeta>
							<wp:postmeta>
					<wp:meta_key>sm_cloud</wp:meta_key>
					<wp:meta_value><![CDATA[s:5696:"a:12:{s:2:"id";s:87:"planet4-international-stateless-release/2020/06/7c39c61d-gp0sts1ru.jpg/1593075525366753";s:4:"name";s:30:"2020/06/7c39c61d-gp0sts1ru.jpg";s:6:"bucket";s:39:"planet4-international-stateless-release";s:12:"storageClass";s:8:"STANDARD";s:8:"fileLink";s:101:"https://storage.googleapis.com/planet4-international-stateless-release/2020/06/7c39c61d-gp0sts1ru.jpg";s:9:"mediaLink";s:163:"https://www.googleapis.com/download/storage/v1/b/planet4-international-stateless-release/o/2020%2F06%2F7c39c61d-gp0sts1ru.jpg?generation=1593075525366753&alt=media";s:8:"selfLink";s:116:"https://www.googleapis.com/storage/v1/b/planet4-international-stateless-release/o/2020%2F06%2F7c39c61d-gp0sts1ru.jpg";s:12:"cacheControl";s:23:"public, max-age=2678400";s:18:"contentDisposition";N;s:6:"object";a:28:{s:6:"bucket";s:39:"planet4-international-stateless-release";s:12:"cacheControl";s:23:"public, max-age=2678400";s:14:"componentCount";N;s:18:"contentDisposition";N;s:15:"contentEncoding";N;s:15:"contentLanguage";N;s:11:"contentType";s:10:"image/jpeg";s:6:"crc32c";s:8:"VPI07g==";s:4:"etag";s:16:"COHnqObMnOoCEAE=";s:14:"eventBasedHold";N;s:10:"generation";s:16:"1593075525366753";s:2:"id";s:87:"planet4-international-stateless-release/2020/06/7c39c61d-gp0sts1ru.jpg/1593075525366753";s:4:"kind";s:14:"storage#object";s:10:"kmsKeyName";N;s:7:"md5Hash";s:24:"eS/bQAoPm5S7u+fuwjKqqg==";s:9:"mediaLink";s:163:"https://www.googleapis.com/download/storage/v1/b/planet4-international-stateless-release/o/2020%2F06%2F7c39c61d-gp0sts1ru.jpg?generation=1593075525366753&alt=media";s:8:"metadata";a:5:{s:9:"file-hash";s:32:"d41d8cd98f00b204e9800998ecf8427e";s:6:"height";s:3:"800";s:9:"object-id";s:5:"43704";s:9:"source-id";s:32:"e417846e215d09f221e6aec1dbe59bd6";s:5:"width";s:4:"1200";}s:14:"metageneration";s:1:"1";s:4:"name";s:30:"2020/06/7c39c61d-gp0sts1ru.jpg";s:23:"retentionExpirationTime";N;s:8:"selfLink";s:116:"https://www.googleapis.com/storage/v1/b/planet4-international-stateless-release/o/2020%2F06%2F7c39c61d-gp0sts1ru.jpg";s:4:"size";s:6:"241852";s:12:"storageClass";s:8:"STANDARD";s:13:"temporaryHold";N;s:11:"timeCreated";s:24:"2020-06-25T08:58:45.366Z";s:11:"timeDeleted";N;s:23:"timeStorageClassUpdated";s:24:"2020-06-25T08:58:45.366Z";s:7:"updated";s:24:"2020-06-25T08:58:45.366Z";}s:5:"sizes";a:5:{s:6:"medium";a:5:{s:2:"id";s:95:"planet4-international-stateless-release/2020/06/7c39c61d-gp0sts1ru-300x200.jpg/1593075526131837";s:4:"name";s:38:"2020/06/7c39c61d-gp0sts1ru-300x200.jpg";s:8:"fileLink";s:109:"https://storage.googleapis.com/planet4-international-stateless-release/2020/06/7c39c61d-gp0sts1ru-300x200.jpg";s:9:"mediaLink";s:171:"https://www.googleapis.com/download/storage/v1/b/planet4-international-stateless-release/o/2020%2F06%2F7c39c61d-gp0sts1ru-300x200.jpg?generation=1593075526131837&alt=media";s:8:"selfLink";s:124:"https://www.googleapis.com/storage/v1/b/planet4-international-stateless-release/o/2020%2F06%2F7c39c61d-gp0sts1ru-300x200.jpg";}s:5:"large";a:5:{s:2:"id";s:96:"planet4-international-stateless-release/2020/06/7c39c61d-gp0sts1ru-1024x683.jpg/1593075527177693";s:4:"name";s:39:"2020/06/7c39c61d-gp0sts1ru-1024x683.jpg";s:8:"fileLink";s:110:"https://storage.googleapis.com/planet4-international-stateless-release/2020/06/7c39c61d-gp0sts1ru-1024x683.jpg";s:9:"mediaLink";s:172:"https://www.googleapis.com/download/storage/v1/b/planet4-international-stateless-release/o/2020%2F06%2F7c39c61d-gp0sts1ru-1024x683.jpg?generation=1593075527177693&alt=media";s:8:"selfLink";s:125:"https://www.googleapis.com/storage/v1/b/planet4-international-stateless-release/o/2020%2F06%2F7c39c61d-gp0sts1ru-1024x683.jpg";}s:9:"thumbnail";a:5:{s:2:"id";s:95:"planet4-international-stateless-release/2020/06/7c39c61d-gp0sts1ru-150x150.jpg/1593075527793285";s:4:"name";s:38:"2020/06/7c39c61d-gp0sts1ru-150x150.jpg";s:8:"fileLink";s:109:"https://storage.googleapis.com/planet4-international-stateless-release/2020/06/7c39c61d-gp0sts1ru-150x150.jpg";s:9:"mediaLink";s:171:"https://www.googleapis.com/download/storage/v1/b/planet4-international-stateless-release/o/2020%2F06%2F7c39c61d-gp0sts1ru-150x150.jpg?generation=1593075527793285&alt=media";s:8:"selfLink";s:124:"https://www.googleapis.com/storage/v1/b/planet4-international-stateless-release/o/2020%2F06%2F7c39c61d-gp0sts1ru-150x150.jpg";}s:12:"medium_large";a:5:{s:2:"id";s:95:"planet4-international-stateless-release/2020/06/7c39c61d-gp0sts1ru-768x512.jpg/1593075528710269";s:4:"name";s:38:"2020/06/7c39c61d-gp0sts1ru-768x512.jpg";s:8:"fileLink";s:109:"https://storage.googleapis.com/planet4-international-stateless-release/2020/06/7c39c61d-gp0sts1ru-768x512.jpg";s:9:"mediaLink";s:171:"https://www.googleapis.com/download/storage/v1/b/planet4-international-stateless-release/o/2020%2F06%2F7c39c61d-gp0sts1ru-768x512.jpg?generation=1593075528710269&alt=media";s:8:"selfLink";s:124:"https://www.googleapis.com/storage/v1/b/planet4-international-stateless-release/o/2020%2F06%2F7c39c61d-gp0sts1ru-768x512.jpg";}s:21:"articles-medium-large";a:5:{s:2:"id";s:95:"planet4-international-stateless-release/2020/06/7c39c61d-gp0sts1ru-510x340.jpg/1593075529494690";s:4:"name";s:38:"2020/06/7c39c61d-gp0sts1ru-510x340.jpg";s:8:"fileLink";s:109:"https://storage.googleapis.com/planet4-international-stateless-release/2020/06/7c39c61d-gp0sts1ru-510x340.jpg";s:9:"mediaLink";s:171:"https://www.googleapis.com/download/storage/v1/b/planet4-international-stateless-release/o/2020%2F06%2F7c39c61d-gp0sts1ru-510x340.jpg?generation=1593075529494690&alt=media";s:8:"selfLink";s:124:"https://www.googleapis.com/storage/v1/b/planet4-international-stateless-release/o/2020%2F06%2F7c39c61d-gp0sts1ru-510x340.jpg";}}s:8:"filesize";i:241852;}";]]></wp:meta_value>
				</wp:postmeta>
							<wp:postmeta>
					<wp:meta_key>_wp_attachment_metadata</wp:meta_key>
					<wp:meta_value><![CDATA[s:1208:"a:6:{s:5:"width";i:1200;s:6:"height";i:800;s:4:"file";s:30:"2020/06/7c39c61d-gp0sts1ru.jpg";s:5:"sizes";a:5:{s:6:"medium";a:4:{s:4:"file";s:30:"7c39c61d-gp0sts1ru-300x200.jpg";s:5:"width";i:300;s:6:"height";i:200;s:9:"mime-type";s:10:"image/jpeg";}s:5:"large";a:4:{s:4:"file";s:31:"7c39c61d-gp0sts1ru-1024x683.jpg";s:5:"width";i:1024;s:6:"height";i:683;s:9:"mime-type";s:10:"image/jpeg";}s:9:"thumbnail";a:4:{s:4:"file";s:30:"7c39c61d-gp0sts1ru-150x150.jpg";s:5:"width";i:150;s:6:"height";i:150;s:9:"mime-type";s:10:"image/jpeg";}s:12:"medium_large";a:4:{s:4:"file";s:30:"7c39c61d-gp0sts1ru-768x512.jpg";s:5:"width";i:768;s:6:"height";i:512;s:9:"mime-type";s:10:"image/jpeg";}s:21:"articles-medium-large";a:4:{s:4:"file";s:30:"7c39c61d-gp0sts1ru-510x340.jpg";s:5:"width";i:510;s:6:"height";i:340;s:9:"mime-type";s:10:"image/jpeg";}}s:10:"image_meta";a:12:{s:8:"aperture";s:3:"3.2";s:6:"credit";s:0:"";s:6:"camera";s:20:"Canon EOS 5D Mark II";s:7:"caption";s:0:"";s:17:"created_timestamp";s:10:"1528011179";s:9:"copyright";s:0:"";s:12:"focal_length";s:3:"135";s:3:"iso";s:3:"800";s:13:"shutter_speed";s:8:"0.000125";s:5:"title";s:0:"";s:11:"orientation";s:1:"1";s:8:"keywords";a:0:{}}s:8:"filesize";i:241852;}";]]></wp:meta_value>
				</wp:postmeta>
							<wp:postmeta>
					<wp:meta_key>_wp_attachment_image_alt</wp:meta_key>
					<wp:meta_value><![CDATA[Plastic Free Bike Ride in Manila. © Luis Liwanag / Greenpeace]]></wp:meta_value>
				</wp:postmeta>
							<wp:postmeta>
					<wp:meta_key>_credit_text</wp:meta_key>
					<wp:meta_value><![CDATA[© Luis Liwanag / Greenpeace]]></wp:meta_value>
				</wp:postmeta>
							<wp:postmeta>
					<wp:meta_key>_media_restriction</wp:meta_key>
					<wp:meta_value><![CDATA[]]></wp:meta_value>
				</wp:postmeta>
					</item>
							<item>
			<title>Lorem Ipsum</title>
			<link>https://release.k8s.p4.greenpeace.org/international/campaign/lorem-ipsum/</link>
			<pubDate>Thu, 16 Jul 2020 06:00:56 +0000</pubDate>
			<dc:creator><![CDATA[Sagar Deshmukh]]></dc:creator>
			<guid isPermaLink="false">https://release.k8s.p4.greenpeace.org/international/?post_type=campaign&#038;p=43911</guid>
			<description></description>
			<content:encoded><![CDATA[<!-- wp:image {"id":43704,"sizeSlug":"large","className":" caption-style-blue-overlay caption-alignment-center"} -->
<figure class="wp-block-image size-large  caption-style-blue-overlay caption-alignment-center"><img src="https://storage.googleapis.com/planet4-international-stateless-release/2020/06/7c39c61d-gp0sts1ru-1024x683.jpg" alt="Plastic Free Bike Ride in Manila. © Luis Liwanag / Greenpeace" class="wp-image-43704"/><figcaption>Hundreds of cyclists in Manila took their bikes out to the streets to show the world that Filipinos want to break free from plastic during the World Bicycle day June 3 and the World Environment Day June 5, 2018.</figcaption></figure>
<!-- /wp:image -->

<!-- wp:heading -->
<h2>What is Lorem Ipsum?</h2>
<!-- /wp:heading -->

<!-- wp:paragraph -->
<p><strong>Lorem Ipsum</strong>&nbsp;is simply dummy text of the printing and typesetting industry. Lorem Ipsum has been the industry's standard dummy text ever since the 1500s, when an unknown printer took a galley of type and scrambled it to make a type specimen book. It has survived not only five centuries, but also the leap into electronic typesetting, remaining essentially unchanged. It was popularised in the 1960s with the release of Letraset sheets containing Lorem Ipsum passages, and more recently with desktop publishing software like Aldus PageMaker including versions of Lorem Ipsum.</p>
<!-- /wp:paragraph -->

<!-- wp:heading -->
<h2>Why do we use it?</h2>
<!-- /wp:heading -->

<!-- wp:paragraph -->
<p>It is a long established fact that a reader will be distracted by the readable content of a page when looking at its layout. The point of using Lorem Ipsum is that it has a more-or-less normal distribution of letters, as opposed to using 'Content here, content here', making it look like readable English. Many desktop publishing packages and web page editors now use Lorem Ipsum as their default model text, and a search for 'lorem ipsum' will uncover many web sites still in their infancy. Various versions have evolved over the years, sometimes by accident, sometimes on purpose (injected humour and the like).</p>
<!-- /wp:paragraph -->

<!-- wp:heading -->
<h2>Where does it come from?</h2>
<!-- /wp:heading -->

<!-- wp:paragraph -->
<p>Contrary to popular belief, Lorem Ipsum is not simply random text. It has roots in a piece of classical Latin literature from 45 BC, making it over 2000 years old. Richard McClintock, a Latin professor at Hampden-Sydney College in Virginia, looked up one of the more obscure Latin words, consectetur, from a Lorem Ipsum passage, and going through the cites of the word in classical literature, discovered the undoubtable source. Lorem Ipsum comes from sections 1.10.32 and 1.10.33 of "de Finibus Bonorum et Malorum" (The Extremes of Good and Evil) by Cicero, written in 45 BC. This book is a treatise on the theory of ethics, very popular during the Renaissance. The first line of Lorem Ipsum, "Lorem ipsum dolor sit amet..", comes from a line in section 1.10.32.</p>
<!-- /wp:paragraph -->

<!-- wp:paragraph -->
<p>The standard chunk of Lorem Ipsum used since the 1500s is reproduced below for those interested. Sections 1.10.32 and 1.10.33 from "de Finibus Bonorum et Malorum" by Cicero are also reproduced in their exact original form, accompanied by English versions from the 1914 translation by H. Rackham.</p>
<!-- /wp:paragraph -->

<!-- wp:heading -->
<h2>Where can I get some?</h2>
<!-- /wp:heading -->

<!-- wp:paragraph -->
<p>There are many variations of passages of Lorem Ipsum available, but the majority have suffered alteration in some form, by injected humour, or randomised words which don't look even slightly believable. If you are going to use a passage of Lorem Ipsum, you need to be sure there isn't anything embarrassing hidden in the middle of text. All the Lorem Ipsum generators on the Internet tend to repeat predefined chunks as necessary, making this the first true generator on the Internet. It uses a dictionary of over 200 Latin words, combined with a handful of model sentence structures, to generate Lorem Ipsum which looks reasonable. The generated Lorem Ipsum is therefore always free from repetition, injected humour, or non-characteristic words etc.</p>
<!-- /wp:paragraph -->]]></content:encoded>
			<excerpt:encoded><![CDATA[]]></excerpt:encoded>
			<wp:post_id>43911</wp:post_id>
			<wp:post_date>2020-07-16 08:00:56</wp:post_date>
			<wp:post_date_gmt>2020-07-16 06:00:56</wp:post_date_gmt>
			<wp:comment_status>closed</wp:comment_status>
			<wp:ping_status>closed</wp:ping_status>
			<wp:post_name>lorem-ipsum</wp:post_name>
			<wp:status>publish</wp:status>
			<wp:post_parent>0</wp:post_parent>
			<wp:menu_order>0</wp:menu_order>
			<wp:post_type>campaign</wp:post_type>
			<wp:post_password></wp:post_password>
			<wp:is_sticky>0</wp:is_sticky>
					
									<wp:postmeta>
					<wp:meta_key>weight</wp:meta_key>
					<wp:meta_value><![CDATA[]]></wp:meta_value>
				</wp:postmeta>
							<wp:postmeta>
					<wp:meta_key>theme</wp:meta_key>
					<wp:meta_value><![CDATA[antarctic]]></wp:meta_value>
				</wp:postmeta>
							<wp:postmeta>
					<wp:meta_key>campaign_logo</wp:meta_key>
					<wp:meta_value><![CDATA[greenpeace]]></wp:meta_value>
				</wp:postmeta>
							<wp:postmeta>
					<wp:meta_key>campaign_logo_color</wp:meta_key>
					<wp:meta_value><![CDATA[light]]></wp:meta_value>
				</wp:postmeta>
							<wp:postmeta>
					<wp:meta_key>campaign_nav_type</wp:meta_key>
					<wp:meta_value><![CDATA[minimal]]></wp:meta_value>
				</wp:postmeta>
							<wp:postmeta>
					<wp:meta_key>campaign_nav_color</wp:meta_key>
					<wp:meta_value><![CDATA[#0a4461]]></wp:meta_value>
				</wp:postmeta>
							<wp:postmeta>
					<wp:meta_key>campaign_nav_border</wp:meta_key>
					<wp:meta_value><![CDATA[]]></wp:meta_value>
				</wp:postmeta>
							<wp:postmeta>
					<wp:meta_key>_edit_last</wp:meta_key>
					<wp:meta_value><![CDATA[101]]></wp:meta_value>
				</wp:postmeta>
							<wp:postmeta>
					<wp:meta_key>p4_campaign_name</wp:meta_key>
					<wp:meta_value><![CDATA[Amazon Reef]]></wp:meta_value>
				</wp:postmeta>
							<wp:postmeta>
					<wp:meta_key>p4_global_project_tracking_id</wp:meta_key>
					<wp:meta_value><![CDATA[ID003]]></wp:meta_value>
				</wp:postmeta>
							<wp:postmeta>
					<wp:meta_key>p4_local_project</wp:meta_key>
					<wp:meta_value><![CDATA[Amazon Reef]]></wp:meta_value>
				</wp:postmeta>
							<wp:postmeta>
					<wp:meta_key>p4_basket_name</wp:meta_key>
					<wp:meta_value><![CDATA[Oceans]]></wp:meta_value>
				</wp:postmeta>
					</item>
						</channel>
</rss>
